This is pdfeTeXk, Version 3.141592-1.11a-2.1 (Web2c 7.5.2) (format=pdflatex_ml 2004.5.10)  20 JUN 2007 12:09
 %&-line parsing enabled.
 (c:\swp55\TCITeX/web2c/cp8bit.tcx)
**&pdflatex_ml C:/swp55/temp/swp0006.tex
(c:/swp55/temp/swp0006.tex{c:\swp55\TCITeX/pdftex/config/pdftex.cfg}
LaTeX2e <2003/12/01>
Babel <v3.8a> and hyphenation patterns for american, english, french, german, n
german, loaded.
(c:\swp55\TCITeX/tex/latex/contrib/beamer/base/beamer.cls
(c:\swp55\TCITeX/tex/latex/contrib/beamer/base/beamerbasercs.sty
Package: beamerbasercs 2004/10/07 (rcs-revision 1.3)
)
Document Class: beamer 2005/10/23 cvs version 3.06 A class for typesetting pres
entations (rcs-revision 1.67)
(c:\swp55\TCITeX/tex/latex/contrib/beamer/base/beamerbasemodes.sty
Package: beamerbasemodes 2004/12/09 (rcs-revision 1.21)
\beamer@tempbox=\box26
\beamer@tempcount=\count79
\c@beamerpauses=\count80

(c:\swp55\TCITeX/tex/latex/contrib/beamer/base/beamerbasedecode.sty
Package: beamerbasedecode 2005/05/09 (rcs-revision 1.18)
\beamer@slideinframe=\count81
\beamer@minimum=\count82
)
\beamer@commentbox=\box27
\beamer@modecount=\count83
)
\headheight=\dimen102
\headdp=\dimen103
\footheight=\dimen104
\sidebarheight=\dimen105
\beamer@tempdim=\dimen106
\beamer@finalheight=\dimen107
\beamer@animht=\dimen108
\beamer@animdp=\dimen109
\beamer@animwd=\dimen110
\beamer@leftmargin=\dimen111
\beamer@rightmargin=\dimen112
\beamer@leftsidebar=\dimen113
\beamer@rightsidebar=\dimen114
\beamer@boxsize=\dimen115
\beamer@vboxoffset=\dimen116
\beamer@descdefault=\dimen117
\beamer@descriptionwidth=\dimen118
\beamer@lastskip=\skip41
\beamer@areabox=\box28
\beamer@animcurrent=\box29
\beamer@animshowbox=\box30
\beamer@sectionbox=\box31
\beamer@logobox=\box32
\beamer@linebox=\box33
\beamer@sectioncount=\count84
\beamer@subsubsectionmax=\count85
\beamer@subsectionmax=\count86
\beamer@sectionmax=\count87
\beamer@totalheads=\count88
\beamer@headcounter=\count89
\beamer@partstartpage=\count90
\beamer@sectionstartpage=\count91
\beamer@subsectionstartpage=\count92
\beamer@animationtempa=\count93
\beamer@animationtempb=\count94
\beamer@xpos=\count95
\beamer@ypos=\count96
\beamer@showpartnumber=\count97
\beamer@currentsubsection=\count98
\beamer@coveringdepth=\count99
\beamer@sectionadjust=\count100
\beamer@tocsectionnumber=\count101

(c:\swp55\TCITeX/tex/latex/contrib/beamer/base/beamerbaseoptions.sty
Package: beamerbaseoptions 2004/11/15 (rcs-revision 1.7)

(c:\swp55\TCITeX/tex/latex/required/graphics/keyval.sty
Package: keyval 1999/03/16 v1.13 key=value parser (DPC)
\KV@toks@=\toks14
))

Class beamer Warning: This option is obsolete. Use beamer option ``show notes''
 instead. on input line 297.

(c:\swp55\TCITeX/tex/latex/contrib/pgf/latex/pgf/basiclayer/pgfcore.sty
(c:\swp55\TCITeX/tex/latex/required/graphics/graphicx.sty
Package: graphicx 1999/02/16 v1.0f Enhanced LaTeX Graphics (DPC,SPQR)

(c:\swp55\TCITeX/tex/latex/required/graphics/graphics.sty
Package: graphics 2001/07/07 v1.0n Standard LaTeX Graphics (DPC,SPQR)

(c:\swp55\TCITeX/tex/latex/required/graphics/trig.sty
Package: trig 1999/03/16 v1.09 sin cos tan (DPC)
)
(c:\swp55\TCITeX/tex/latex/required/graphics/graphics.cfg
File: graphics.cfg 
)
Package graphics Info: Driver file: pdftex.def on input line 80.

(c:\swp55\TCITeX/tex/latex/required/graphics/pdftex.def
File: pdftex.def 2002/06/19 v0.03k graphics/color for pdftex
\Gread@gobject=\count102
))
\Gin@req@height=\dimen119
\Gin@req@width=\dimen120
)
(c:\swp55\TCITeX/tex/latex/contrib/pgf/latex/pgf/systemlayer/pgfsys.sty
(c:\swp55\TCITeX/tex/latex/contrib/pgf/latex/pgf/utilities/pgfrcs.sty
(c:\swp55\TCITeX/tex/latex/contrib/pgf/generic/pgf/utilities/pgfrcs.code.tex
Package: pgfrcs 2005/11/14 v1.01 (rcs-revision 1.8)
))
(c:\swp55\TCITeX/tex/latex/contrib/pgf/generic/pgf/systemlayer/pgfsys.code.tex
Package: pgfsys 2005/10/18 v1.01 (rcs-revision 1.9)
\pgf@x=\dimen121
\pgf@y=\dimen122
\pgf@xa=\dimen123
\pgf@ya=\dimen124
\pgf@xb=\dimen125
\pgf@yb=\dimen126
\pgf@xc=\dimen127
\pgf@yc=\dimen128

(c:\swp55\TCITeX/tex/latex/contrib/pgf/generic/pgf/systemlayer/pgf.cfg
File: pgf.cfg 2005/06/29 (rcs-revision 1.1.1.1)
)
Package pgfsys Info: Driver file for pgf: pgfsys-pdftex.def on input line 759.

(c:\swp55\TCITeX/tex/latex/contrib/pgf/generic/pgf/systemlayer/pgfsys-pdftex.de
f
File: pgfsys-pdftex.def 2005/10/06 (rcs-revision 1.4)

(c:\swp55\TCITeX/tex/latex/contrib/pgf/generic/pgf/systemlayer/pgfsys-common-pd
f.def
File: pgfsys-common-pdf.def 2005/10/18 (rcs-revision 1.4)
)))
(c:\swp55\TCITeX/tex/latex/contrib/pgf/generic/pgf/systemlayer/pgfsyssoftpath.c
ode.tex
File: pgfsyssoftpath.code.tex 2005/06/29 (rcs-revision 1.1.1.1)
)
(c:\swp55\TCITeX/tex/latex/contrib/pgf/generic/pgf/systemlayer/pgfsysprotocol.c
ode.tex
File: pgfsysprotocol.code.tex 2005/06/29 (rcs-revision 1.1.1.1)
)) (c:\swp55\TCITeX/tex/latex/contrib/xcolor/xcolor.sty
Package: xcolor 2005/12/21 v2.09 LaTeX color extensions (UK)

(c:\swp55\TCITeX/tex/latex/required/graphics/color.cfg
File: color.cfg 
)
Package xcolor Info: Driver file: pdftex.def on input line 220.
Package xcolor Info: Model `cmy' substituted by `cmy0' on input line 1328.
Package xcolor Info: Model `hsb' substituted by `rgb' on input line 1332.
Package xcolor Info: Model `RGB' extended on input line 1344.
Package xcolor Info: Model `HTML' substituted by `rgb' on input line 1346.
Package xcolor Info: Model `Hsb' substituted by `hsb' on input line 1347.
Package xcolor Info: Model `tHsb' substituted by `hsb' on input line 1348.
Package xcolor Info: Model `HSB' substituted by `hsb' on input line 1349.
Package xcolor Info: Model `Gray' substituted by `gray' on input line 1350.
Package xcolor Info: Model `wave' substituted by `hsb' on input line 1351.
)
(c:\swp55\TCITeX/tex/latex/contrib/pgf/generic/pgf/basiclayer/pgfcore.code.tex
Package: pgfcore 2005/10/25 v1.01 (rcs-revision 1.3)

(c:\swp55\TCITeX/tex/latex/contrib/pgf/generic/pgf/basiclayer/pgfcoremath.code.
tex
File: pgfcoremath.code.tex 2005/06/29 (rcs-revision 1.1.1.1)
\c@pgf@counta=\count103
\c@pgf@countb=\count104
\c@pgf@countc=\count105
\c@pgf@countd=\count106
)
(c:\swp55\TCITeX/tex/latex/contrib/pgf/generic/pgf/basiclayer/pgfcorepoints.cod
e.tex
File: pgfcorepoints.code.tex 2005/06/29 (rcs-revision 1.1.1.1)
\pgf@picminx=\dimen129
\pgf@picmaxx=\dimen130
\pgf@picminy=\dimen131
\pgf@picmaxy=\dimen132
\pgf@pathminx=\dimen133
\pgf@pathmaxx=\dimen134
\pgf@pathminy=\dimen135
\pgf@pathmaxy=\dimen136
\pgf@tempdim=\dimen137
\c@pgf@tempcount=\count107
\pgf@xx=\dimen138
\pgf@xy=\dimen139
\pgf@yx=\dimen140
\pgf@yy=\dimen141
\pgf@zx=\dimen142
\pgf@zy=\dimen143
)
(c:\swp55\TCITeX/tex/latex/contrib/pgf/generic/pgf/basiclayer/pgfcorepathconstr
uct.code.tex
File: pgfcorepathconstruct.code.tex 2005/10/25 (rcs-revision 1.1)
\pgf@path@lastx=\dimen144
\pgf@path@lasty=\dimen145
)
(c:\swp55\TCITeX/tex/latex/contrib/pgf/generic/pgf/basiclayer/pgfcorepathusage.
code.tex
File: pgfcorepathusage.code.tex 2005/07/17 (rcs-revision 1.2)
\pgf@shorten@end@additional=\dimen146
\pgf@shorten@start@additional=\dimen147
)
(c:\swp55\TCITeX/tex/latex/contrib/pgf/generic/pgf/basiclayer/pgfcorescopes.cod
e.tex
File: pgfcorescopes.code.tex 2005/11/15 (rcs-revision 1.12)
\pgfpic=\box34
\pgf@hbox=\box35
\pgf@layerbox@main=\box36
)
(c:\swp55\TCITeX/tex/latex/contrib/pgf/generic/pgf/basiclayer/pgfcoregraphicsta
te.code.tex
File: pgfcoregraphicstate.code.tex 2005/09/21 (rcs-revision 1.3)
\pgflinewidth=\dimen148
)
(c:\swp55\TCITeX/tex/latex/contrib/pgf/generic/pgf/basiclayer/pgfcoretransforma
tions.code.tex
File: pgfcoretransformations.code.tex 2005/06/29 (rcs-revision 1.1.1.1)
\pgf@pt@x=\dimen149
\pgf@pt@y=\dimen150
\pgf@pt@temp=\dimen151
)
(c:\swp55\TCITeX/tex/latex/contrib/pgf/generic/pgf/basiclayer/pgfcorequick.code
.tex
File: pgfcorequick.code.tex 2005/06/29 (rcs-revision 1.1.1.1)
)
(c:\swp55\TCITeX/tex/latex/contrib/pgf/generic/pgf/basiclayer/pgfcoreobjects.co
de.tex
File: pgfcoreobjects.code.tex 2005/06/29 (rcs-revision 1.1.1.1)
)
(c:\swp55\TCITeX/tex/latex/contrib/pgf/generic/pgf/basiclayer/pgfcorepathproces
sing.code.tex
File: pgfcorepathprocessing.code.tex 2005/10/03 (rcs-revision 1.2)
)
(c:\swp55\TCITeX/tex/latex/contrib/pgf/generic/pgf/basiclayer/pgfcorearrows.cod
e.tex
File: pgfcorearrows.code.tex 2005/07/10 (rcs-revision 1.2)
)
(c:\swp55\TCITeX/tex/latex/contrib/pgf/generic/pgf/basiclayer/pgfcoreshade.code
.tex
File: pgfcoreshade.code.tex 2005/07/17 (rcs-revision 1.3)
\pgf@max=\dimen152
\pgf@sys@shading@range@num=\count108
)))
(c:\swp55\TCITeX/tex/latex/contrib/pgf/latex/pgf/basiclayer/pgfbaseimage.sty
(c:\swp55\TCITeX/tex/latex/contrib/pgf/generic/pgf/basiclayer/pgfbaseimage.code
.tex
Package: pgfbaseimage 2005/07/06 v1.01 (rcs-revision 1.2)
)) (c:\swp55\TCITeX/tex/latex/contrib/pgf/latex/pgf/utilities/xxcolor.sty
Package: xxcolor 2003/10/24 ver 0.1
\XC@nummixins=\count109
\XC@countmixins=\count110
)
(c:\swp55\TCITeX/tex/latex/amsfonts/amssymb.sty
Package: amssymb 2002/01/22 v2.2d

(c:\swp55\TCITeX/tex/latex/amsfonts/amsfonts.sty
Package: amsfonts 2001/10/25 v2.2f
\@emptytoks=\toks15
\symAMSa=\mathgroup4
\symAMSb=\mathgroup5
LaTeX Font Info:    Overwriting math alphabet `\mathfrak' in version `bold'
(Font)                  U/euf/m/n --> U/euf/b/n on input line 132.
))
(c:\swp55\TCITeX/tex/latex/contrib/geometry/geometry.sty
Package: geometry 2002/07/08 v3.2 Page Geometry
\Gm@cnth=\count111
\Gm@cntv=\count112
\c@Gm@tempcnt=\count113
\Gm@bindingoffset=\dimen153
\Gm@wd@mp=\dimen154
\Gm@odd@mp=\dimen155
\Gm@even@mp=\dimen156
\Gm@dimlist=\toks16

(c:\swp55\TCITeX/tex/latex/contrib/geometry/geometry.cfg))
(c:\swp55\TCITeX/tex/latex/contrib/hyperref/hyperref.sty
Package: hyperref 2003/11/30 v6.74m Hypertext links for LaTeX
\@linkdim=\dimen157
\Hy@linkcounter=\count114
\Hy@pagecounter=\count115

(c:\swp55\TCITeX/tex/latex/contrib/hyperref/pd1enc.def
File: pd1enc.def 2003/11/30 v6.74m Hyperref: PDFDocEncoding definition (HO)
)
Package hyperref Info: Option `bookmarks' set `true' on input line 1830.
Package hyperref Info: Option `bookmarksopen' set `true' on input line 1830.
Package hyperref Info: Option `implicit' set `false' on input line 1830.
Package hyperref Info: Hyper figures OFF on input line 1880.
Package hyperref Info: Link nesting OFF on input line 1885.
Package hyperref Info: Hyper index ON on input line 1888.
Package hyperref Info: Plain pages ON on input line 1893.
Package hyperref Info: Backreferencing OFF on input line 1900.

Implicit mode OFF; no redefinition of LaTeX internals
Package hyperref Info: Bookmarks ON on input line 2004.
(c:\swp55\TCITeX/tex/latex/contrib/misc/url.sty
\Urlmuskip=\muskip10
Package: url 2005/06/27  ver 3.2  Verb mode for urls, etc.
)
LaTeX Info: Redefining \url on input line 2143.
\Fld@menulength=\count116
\Field@Width=\dimen158
\Fld@charsize=\dimen159
\Choice@toks=\toks17
\Field@toks=\toks18
Package hyperref Info: Hyper figures OFF on input line 2618.
Package hyperref Info: Link nesting OFF on input line 2623.
Package hyperref Info: Hyper index ON on input line 2626.
Package hyperref Info: backreferencing OFF on input line 2633.
Package hyperref Info: Link coloring OFF on input line 2638.

Hyperref stopped early
)
*hyperref using default driver hpdftex*
(c:\swp55\TCITeX/tex/latex/contrib/hyperref/hpdftex.def
File: hpdftex.def 2003/11/30 v6.74m Hyperref driver for pdfTeX

(c:\swp55\TCITeX/tex/latex/required/psnfss/pifont.sty
Package: pifont 2002/09/08 PSNFSS-v9.0a Pi font support (SPQR) 
LaTeX Font Info:    Try loading font information for U+pzd on input line 62.

(c:\swp55\TCITeX/tex/latex/required/psnfss/upzd.fd
File: upzd.fd 2001/06/04 font definitions for U/pzd.
)
LaTeX Font Info:    Try loading font information for U+psy on input line 63.

(c:\swp55\TCITeX/tex/latex/required/psnfss/upsy.fd
File: upsy.fd 2001/06/04 font definitions for U/psy.
))
\Fld@listcount=\count117
\@outlinefile=\write3
)
(c:\swp55\TCITeX/tex/latex/base/size11.clo
File: size11.clo 2004/02/16 v1.4f Standard LaTeX file (size option)
)
(c:\swp55\TCITeX/tex/latex/contrib/beamer/base/beamerbasecompatibility.sty
Package: beamerbasecompatibility 2005/01/25  (rcs-revision 1.60)
)
(c:\swp55\TCITeX/tex/latex/contrib/beamer/base/beamerbasefont.sty
Package: beamerbasefont 2005/05/17  (rcs-revision 1.15)

Using Phil Viton's modification of beamerbasefonts.sty, April 2006, which subst
itutes DC for EC fonts
) (c:\swp55\TCITeX/tex/latex/contrib/beamer/base/beamerbasemisc.sty
Package: beamerbasemisc 2005/05/17  (rcs-revision 1.23)
)
(c:\swp55\TCITeX/tex/latex/contrib/beamer/base/beamerbasetwoscreens.sty
Package: beamerbasetwoscreens 2005/10/14  (rcs-revision 1.6)
)
(c:\swp55\TCITeX/tex/latex/contrib/beamer/base/beamerbaseoverlay.sty
Package: beamerbaseoverlay 2005/05/18  (rcs-revision 1.49)
\beamer@argscount=\count118
\beamer@lastskipcover=\skip42
\beamer@trivlistdepth=\count119
)
(c:\swp55\TCITeX/tex/latex/contrib/beamer/base/beamerbasetitle.sty
Package: beamerbasetitle 2005/10/23  (rcs-revision 1.23)
)
(c:\swp55\TCITeX/tex/latex/contrib/beamer/base/beamerbasesection.sty
Package: beamerbasesection 2005/04/20  (rcs-revision 1.18)
\c@lecture=\count120
\c@part=\count121
\c@section=\count122
\c@subsection=\count123
\c@subsubsection=\count124
)
(c:\swp55\TCITeX/tex/latex/contrib/beamer/base/beamerbaseframe.sty
Package: beamerbaseframe 2005/06/02  (rcs-revision 1.58)
\beamer@framebox=\box37
\beamer@frametitlebox=\box38
\beamer@zoombox=\box39
\beamer@zoomcount=\count125
\beamer@zoomframecount=\count126
\beamer@frametextheight=\dimen160
\c@subsectionslide=\count127
\beamer@frametopskip=\skip43
\beamer@framebottomskip=\skip44
\beamer@frametopskipautobreak=\skip45
\beamer@framebottomskipautobreak=\skip46
\beamer@envbody=\toks19
\c@framenumber=\count128
)
(c:\swp55\TCITeX/tex/latex/contrib/beamer/base/beamerbaseverbatim.sty
Package: beamerbaseverbatim 2005/04/12  (rcs-revision 1.6)
\beamer@verbatimfileout=\write4
)
(c:\swp55\TCITeX/tex/latex/contrib/beamer/base/beamerbaseframesize.sty
Package: beamerbaseframesize 2005/06/09  (rcs-revision 1.17)
\beamer@splitbox=\box40
\beamer@autobreakcount=\count129
\beamer@autobreaklastheight=\dimen161
\beamer@frametitletoks=\toks20
\beamer@framesubtitletoks=\toks21
)
(c:\swp55\TCITeX/tex/latex/contrib/beamer/base/beamerbaseframecomponents.sty
Package: beamerbaseframecomponents 2004/11/08  (rcs-revision 1.40)
\beamer@footins=\box41
)
(c:\swp55\TCITeX/tex/latex/contrib/beamer/base/beamerbasecolor.sty
Package: beamerbasecolor 2005/01/25  (rcs-revision 1.41)
)
(c:\swp55\TCITeX/tex/latex/contrib/beamer/base/beamerbasenotes.sty
Package: beamerbasenotes 2005/10/14  (rcs-revision 1.22)
\beamer@frameboxcopy=\box42
)
(c:\swp55\TCITeX/tex/latex/contrib/beamer/base/beamerbasetoc.sty
Package: beamerbasetoc 2004/12/09  (rcs-revision 1.20)
)
(c:\swp55\TCITeX/tex/latex/contrib/beamer/base/beamerbasetemplates.sty
Package: beamerbasetemplates 2004/10/07  (rcs-revision 1.50)
\beamer@sbttoks=\toks22

(c:\swp55\TCITeX/tex/latex/contrib/beamer/base/beamerbaseauxtemplates.sty
Package: beamerbaseauxtemplates 2005/06/09  (rcs-revision 1.27)

(c:\swp55\TCITeX/tex/latex/contrib/beamer/base/beamerbaseboxes.sty
Package: beamerbaseboxes 2005/06/09  (rcs-revision 1.28)
\bmb@box=\box43
\bmb@colorbox=\box44
\bmb@boxshadow=\box45
\bmb@boxshadowball=\box46
\bmb@boxshadowballlarge=\box47
\bmb@temp=\dimen162
\bmb@dima=\dimen163
\bmb@dimb=\dimen164
\bmb@prevheight=\dimen165
)
\beamer@blockheadheight=\dimen166
))
(c:\swp55\TCITeX/tex/latex/contrib/beamer/base/beamerbaselocalstructure.sty
Package: beamerbaselocalstructure 2005/04/20  (rcs-revision 1.51)

(c:\swp55\TCITeX/tex/latex/required/tools/enumerate.sty
Package: enumerate 1999/03/05 v3.00 enumerate extensions (DPC)
\@enLab=\toks23
)
\c@figure=\count130
\c@table=\count131
\abovecaptionskip=\skip47
\belowcaptionskip=\skip48
)
(c:\swp55\TCITeX/tex/latex/contrib/beamer/base/beamerbasenavigation.sty
Package: beamerbasenavigation 2005/06/01  (rcs-revision 1.34)
)
(c:\swp55\TCITeX/tex/latex/contrib/beamer/base/beamerbasetheorems.sty
Package: beamerbasetheorems 2005/04/04  (rcs-revision 1.7)

(c:\swp55\TCITeX/tex/latex/amsmath/amsmath.sty
Package: amsmath 2000/07/18 v2.13 AMS math features
\@mathmargin=\skip49

For additional information on amsmath, use the `?' option.
(c:\swp55\TCITeX/tex/latex/amsmath/amstext.sty
Package: amstext 2000/06/29 v2.01

(c:\swp55\TCITeX/tex/latex/amsmath/amsgen.sty
File: amsgen.sty 1999/11/30 v2.0
\@emptytoks=\toks24
\ex@=\dimen167
))
(c:\swp55\TCITeX/tex/latex/amsmath/amsbsy.sty
Package: amsbsy 1999/11/29 v1.2d
\pmbraise@=\dimen168
)
(c:\swp55\TCITeX/tex/latex/amsmath/amsopn.sty
Package: amsopn 1999/12/14 v2.01 operator names
)
\inf@bad=\count132
LaTeX Info: Redefining \frac on input line 211.
\uproot@=\count133
\leftroot@=\count134
LaTeX Info: Redefining \overline on input line 307.
\classnum@=\count135
\DOTSCASE@=\count136
LaTeX Info: Redefining \ldots on input line 379.
LaTeX Info: Redefining \dots on input line 382.
LaTeX Info: Redefining \cdots on input line 467.
\Mathstrutbox@=\box48
\strutbox@=\box49
\big@size=\dimen169
LaTeX Font Info:    Redeclaring font encoding OML on input line 567.
LaTeX Font Info:    Redeclaring font encoding OMS on input line 568.
\macc@depth=\count137
\c@MaxMatrixCols=\count138
\dotsspace@=\muskip11
\c@parentequation=\count139
\dspbrk@lvl=\count140
\tag@help=\toks25
\row@=\count141
\column@=\count142
\maxfields@=\count143
\andhelp@=\toks26
\eqnshift@=\dimen170
\alignsep@=\dimen171
\tagshift@=\dimen172
\tagwidth@=\dimen173
\totwidth@=\dimen174
\lineht@=\dimen175
\@envbody=\toks27
\multlinegap=\skip50
\multlinetaggap=\skip51
\mathdisplay@stack=\toks28
LaTeX Info: Redefining \[ on input line 2666.
LaTeX Info: Redefining \] on input line 2667.
)
(c:\swp55\TCITeX/tex/latex/amscls/amsthm.sty
Package: amsthm 2004/08/06 v2.20
\thm@style=\toks29
\thm@bodyfont=\toks30
\thm@headfont=\toks31
\thm@notefont=\toks32
\thm@headpunct=\toks33
\thm@preskip=\skip52
\thm@postskip=\skip53
\thm@headsep=\skip54
\dth@everypar=\toks34
)
\c@theorem=\count144
)
(c:\swp55\TCITeX/tex/latex/contrib/beamer/base/beamerbasethemes.sty
Package: beamerbasethemes 2004/10/07  (rcs-revision 1.9)
)
(c:\swp55\TCITeX/tex/latex/contrib/beamer/themes/theme/beamerthemedefault.sty
Package: beamerthemedefault 2004/10/07  (rcs-revision 1.6)

(c:\swp55\TCITeX/tex/latex/contrib/beamer/themes/font/beamerfontthemedefault.st
y
Package: beamerfontthemedefault 2005/03/15  (rcs-revision 1.12)
)
(c:\swp55\TCITeX/tex/latex/contrib/beamer/themes/color/beamercolorthemedefault.
sty
Package: beamercolorthemedefault 2005/03/15  (rcs-revision 1.27)
)
(c:\swp55\TCITeX/tex/latex/contrib/beamer/themes/inner/beamerinnerthemedefault.
sty
Package: beamerinnerthemedefault 2005/06/17  (rcs-revision 1.19)
\beamer@dima=\dimen176
\beamer@dimb=\dimen177
)
(c:\swp55\TCITeX/tex/latex/contrib/beamer/themes/outer/beamerouterthemedefault.
sty
Package: beamerouterthemedefault 2005/06/09  (rcs-revision 1.13)
))) (c:\swp55\TCITeX/tex/latex/required/psnfss/mathpazo.sty
Package: mathpazo 2002/09/08 PSNFSS-v9.0a Palatino w/ Pazo Math (D.Puga, WaS) 
\symupright=\mathgroup6
)
(c:\swp55\TCITeX/tex/latex/contrib/beamer/extensions/multimedia/multimedia.sty
Package: multimedia 2004/04/10 ver 0.01
\mm@movie=\count145
) (c:\swp55\TCITeX/tex/latex/contrib/pgf/latex/pgf/basiclayer/pgf.sty
Package: pgf 2005/10/25 v1.01 (rcs-revision 1.5)

(c:\swp55\TCITeX/tex/latex/contrib/pgf/latex/pgf/basiclayer/pgfbaseshapes.sty
(c:\swp55\TCITeX/tex/latex/contrib/pgf/generic/pgf/basiclayer/pgfbaseshapes.cod
e.tex
Package: pgfbaseshapes 2005/10/13 v1.01 (rcs-revision 1.9)
\pgfnodeparttextbox=\box50
))
(c:\swp55\TCITeX/tex/latex/contrib/pgf/latex/pgf/basiclayer/pgfbaseplot.sty
(c:\swp55\TCITeX/tex/latex/contrib/pgf/generic/pgf/basiclayer/pgfbaseplot.code.
tex
Package: pgfbaseplot 2005/07/06 v1.01 (rcs-revision 1.2)
\pgf@plotwrite=\write5
))
(c:\swp55\TCITeX/tex/latex/contrib/pgf/latex/pgf/basiclayer/pgfbaselayers.sty
(c:\swp55\TCITeX/tex/latex/contrib/pgf/generic/pgf/basiclayer/pgfbaselayers.cod
e.tex
Package: pgfbaselayers 2005/10/24 v1.01 (rcs-revision 1.2)
))
(c:\swp55\TCITeX/tex/latex/contrib/pgf/latex/pgf/basiclayer/pgfbasesnakes.sty
(c:\swp55\TCITeX/tex/latex/contrib/pgf/generic/pgf/basiclayer/pgfbasesnakes.cod
e.tex
Package: pgfbasesnakes 2005/10/25 v1.01 (rcs-revision 1.6)
\pgfsnakeremainingdistance=\dimen178
\pgfsnakecompleteddistance=\dimen179
))
(c:\swp55\TCITeX/tex/latex/contrib/pgf/latex/pgf/compatibility/pgfcomp-version-
0-65.sty
Package: pgfcomp-version-0-65 2005/11/14 v1.01 (rcs-revision 1.3)
\pgf@nodesepstart=\dimen180
\pgf@nodesepend=\dimen181
))
\c@claim=\count146

(c:\swp55\TCITeX/tex/latex/contrib/beamer/themes/theme/beamerthemeCambridgeUS.s
ty
Package: beamerthemeCambridgeUS 2005/10/23  (rcs-revision 1.1)

(c:\swp55\TCITeX/tex/latex/contrib/beamer/themes/inner/beamerinnerthemerounded.
sty
Package: beamerinnerthemerounded 2004/10/07  (rcs-revision 1.4)
)
(c:\swp55\TCITeX/tex/latex/contrib/beamer/themes/outer/beamerouterthemeinfoline
s.sty
Package: beamerouterthemeinfolines 2004/10/14  (rcs-revision 1.8)
)
(c:\swp55\TCITeX/tex/latex/contrib/beamer/themes/color/beamercolorthemebeaver.s
ty
Package: beamercolorthemebeaver 2005/10/23  (rcs-revision 1.1)
)) (c:\swp55\TCITeX/tex/latex/SWmacros/tcilatex.tex
TCILATEX Macros for Scientific Word 5.0 <13 Feb 2003>.
NOTICE: This macro file is NOT proprietary and may be freely copied and distrib
uted.
\msipdfoutput=\count147
\@hour=\count148
\@minute=\count149
\GRAPHICSTYPE=\count150
\@msidraft=\count151
\dispkind=\count152
\c@chapter=\count153
\theight=\dimen182
LaTeX Info: Redefining \rm on input line 647.
LaTeX Info: Redefining \sf on input line 648.
LaTeX Info: Redefining \tt on input line 649.
LaTeX Info: Redefining \bf on input line 650.
LaTeX Info: Redefining \it on input line 651.
LaTeX Info: Redefining \sl on input line 652.
LaTeX Info: Redefining \sc on input line 653.
\c@axiom=\count154
\c@remark=\count155
\c@exercise=\count156
\c@equationnumber=\count157
\temptoksa=\toks35
\temptoksb=\toks36
\temptoksc=\toks37
) (./swp0006.aux)
\openout1 = `swp0006.aux'.

LaTeX Font Info:    Checking defaults for OML/cmm/m/it on input line 34.
LaTeX Font Info:    ... okay on input line 34.
LaTeX Font Info:    Checking defaults for T1/cmr/m/n on input line 34.
LaTeX Font Info:    ... okay on input line 34.
LaTeX Font Info:    Checking defaults for OT1/cmr/m/n on input line 34.
LaTeX Font Info:    ... okay on input line 34.
LaTeX Font Info:    Checking defaults for OMS/cmsy/m/n on input line 34.
LaTeX Font Info:    ... okay on input line 34.
LaTeX Font Info:    Checking defaults for OMX/cmex/m/n on input line 34.
LaTeX Font Info:    ... okay on input line 34.
LaTeX Font Info:    Checking defaults for U/cmr/m/n on input line 34.
LaTeX Font Info:    ... okay on input line 34.
LaTeX Font Info:    Checking defaults for PD1/pdf/m/n on input line 34.
LaTeX Font Info:    ... okay on input line 34.
-------------------- Geometry parameters
paper: user defined
landscape: --
twocolumn: --
twoside: --
asymmetric: --
h-parts: 10.94731pt, 342.30074pt, 10.94731pt
v-parts: 0.0pt, 273.14662pt, 0.0pt
hmarginratio: --
vmarginratio: --
lines: --
heightrounded: --
bindingoffset: 0.0pt
truedimen: --
includehead: true
includefoot: true
includemp: --
driver: pdftex
-------------------- Page layout dimensions and switches
\paperwidth  364.19536pt
\paperheight 273.14662pt
\textwidth  342.30074pt
\textheight 244.6939pt
\oddsidemargin  -61.32268pt
\evensidemargin -61.32268pt
\topmargin  -72.26999pt
\headheight 14.22636pt
\headsep    0.0pt
\footskip   14.22636pt
\marginparwidth 4.0pt
\marginparsep   10.0pt
\columnsep  10.0pt
\skip\footins  10.0pt plus 4.0pt minus 2.0pt
\hoffset 0.0pt
\voffset 0.0pt
\mag 1000

(1in=72.27pt, 1cm=28.45pt)
-----------------------
Package hyperref Info: Link coloring OFF on input line 34.
 (c:\swp55\TCITeX/tex/latex/contrib/hyperref/nameref.sty
Package: nameref 2001/01/27 v2.19 Cross-referencing by name of section
\c@section@level=\count158
)
LaTeX Info: Redefining \ref on input line 34.
LaTeX Info: Redefining \pageref on input line 34.

(./swp0006.out) (./swp0006.out)
\openout3 = `swp0006.out'.

LaTeX Font Info:    Overwriting symbol font `operators' in version `normal'
(Font)                  OT1/ppl/m/n --> OT1/cmss/m/n on input line 34.
LaTeX Font Info:    Overwriting symbol font `operators' in version `bold'
(Font)                  OT1/ppl/b/n --> OT1/cmss/bx/n on input line 34.
\symnumbers=\mathgroup7
\sympureletters=\mathgroup8
LaTeX Font Info:    Overwriting math alphabet `\mathrm' in version `normal'
(Font)                  OT1/cmss/m/n --> T1/ppl/m/n on input line 34.
LaTeX Font Info:    Redeclaring math alphabet \mathbf on input line 34.
LaTeX Font Info:    Overwriting math alphabet `\mathbf' in version `normal'
(Font)                  OT1/zplm/b/n --> T1/cmss/bx/n on input line 34.
LaTeX Font Info:    Overwriting math alphabet `\mathbf' in version `bold'
(Font)                  OT1/zplm/b/n --> T1/cmss/bx/n on input line 34.
LaTeX Font Info:    Redeclaring math alphabet \mathsf on input line 34.
LaTeX Font Info:    Overwriting math alphabet `\mathsf' in version `normal'
(Font)                  OT1/cmss/m/n --> T1/cmss/m/n on input line 34.
LaTeX Font Info:    Overwriting math alphabet `\mathsf' in version `bold'
(Font)                  OT1/cmss/bx/n --> T1/cmss/m/n on input line 34.
LaTeX Font Info:    Redeclaring math alphabet \mathit on input line 34.
LaTeX Font Info:    Overwriting math alphabet `\mathit' in version `normal'
(Font)                  OT1/ppl/m/it --> T1/cmss/m/it on input line 34.
LaTeX Font Info:    Overwriting math alphabet `\mathit' in version `bold'
(Font)                  OT1/ppl/b/it --> T1/cmss/m/it on input line 34.
LaTeX Font Info:    Redeclaring math alphabet \mathtt on input line 34.
LaTeX Font Info:    Overwriting math alphabet `\mathtt' in version `normal'
(Font)                  OT1/cmtt/m/n --> T1/cmtt/m/n on input line 34.
LaTeX Font Info:    Overwriting math alphabet `\mathtt' in version `bold'
(Font)                  OT1/cmtt/m/n --> T1/cmtt/m/n on input line 34.
LaTeX Font Info:    Overwriting symbol font `numbers' in version `bold'
(Font)                  T1/cmss/m/n --> T1/cmss/bx/n on input line 34.
LaTeX Font Info:    Overwriting symbol font `pureletters' in version `bold'
(Font)                  T1/cmss/m/it --> T1/cmss/bx/it on input line 34.
LaTeX Font Info:    Overwriting math alphabet `\mathrm' in version `bold'
(Font)                  OT1/cmss/bx/n --> T1/ppl/bx/n on input line 34.
LaTeX Font Info:    Overwriting math alphabet `\mathbf' in version `bold'
(Font)                  T1/cmss/bx/n --> T1/cmss/bx/n on input line 34.
LaTeX Font Info:    Overwriting math alphabet `\mathsf' in version `bold'
(Font)                  T1/cmss/m/n --> T1/cmss/bx/n on input line 34.
LaTeX Font Info:    Overwriting math alphabet `\mathit' in version `bold'
(Font)                  T1/cmss/m/it --> T1/cmss/bx/it on input line 34.
LaTeX Font Info:    Overwriting math alphabet `\mathtt' in version `bold'
(Font)                  T1/cmtt/m/n --> T1/cmtt/bx/n on input line 34.
 (./swp0006.nav)

Package hyperref Warning: Option `pdfauthor' has already been used,
(hyperref)                setting the option has no effect on input line 38.


LaTeX Font Warning: Font shape `T1/cmss/m/n' in size <4> not available
(Font)              size <5> substituted on input line 67.

[1

{c:\swp55\TCITeX/pdftex/config/TrueTeX.map}{c:\swp55\TCITeX/pdftex/config/WinFo
nts.map}{c:\swp55\TCITeX/pdftex/config/msi.map}] [2

] [3

]
<C:/c/ar2.png, id=110, 315.1775pt x 228.855pt>
File: C:/c/ar2.png Graphic file (type png)
 <use C:/c/ar2.png> [4

 <c:/c/ar2.png>] <C:/c/arbol1.png, id=136, 320.19624pt x 258.9675pt>
File: C:/c/arbol1.png Graphic file (type png)

<use C:/c/arbol1.png> [5

 <c:/c/arbol1.png>]
\tf@nav=\write6
\openout6 = `swp0006.nav'.

\tf@toc=\write7
\openout7 = `swp0006.toc'.

\tf@snm=\write8
\openout8 = `swp0006.snm'.

 (./swp0006.aux)

LaTeX Font Warning: Size substitutions with differences
(Font)              up to 1.0pt have occurred.

 ) 
Here is how much of TeX's memory you used:
 8416 strings out of 95282
 152262 string characters out of 1187734
 237472 words of memory out of 1686622
 11167 multiletter control sequences out of 10000+50000
 11215 words of font info for 30 fonts, out of 1000000 for 2000
 22 hyphenation exceptions out of 1000
 41i,16n,59p,363b,936s stack positions out of 5000i,500n,6000p,200000b,40000s
 161 PDF objects out of 300000
 11 named destinations out of 131072
 93 words of extra memory for PDF output out of 65536
{c:\swp55\TCITeX/fonts/type1/dcss10.enc}<c:\swp55\TCITeX/fonts/truetype/dcss1
0.ttf>
Output written on swp0006.pdf (5 pages, 61076 bytes).
