This is pdfeTeX, Version 3.141592-1.30.6-2.2 (MiKTeX 2.5) (preloaded format=pdflatex 2007.6.11)  11 JUN 2007 14:51
entering extended mode
**C:/Documents*and*Settings/Administrador/Escritorio/Nueva*carpeta*(3)/Full/bor
rador.tex

("C:\Documents and Settings\Administrador\Escritorio\Nueva carpeta (3)\Full\bor
rador.tex"
LaTeX2e <2005/12/01>
Babel <v3.8g> and hyphenation patterns for english, dumylang, nohyphenation, ge
rman, ngerman, french, loaded.
("C:\Archivos de programa\MiKTeX 2.5\tex\latex\base\report.cls"
Document Class: report 2005/09/16 v1.4f Standard LaTeX document class
("C:\Archivos de programa\MiKTeX 2.5\tex\latex\base\size12.clo"
File: size12.clo 2005/09/16 v1.4f Standard LaTeX file (size option)
)
\c@part=\count79
\c@chapter=\count80
\c@section=\count81
\c@subsection=\count82
\c@subsubsection=\count83
\c@paragraph=\count84
\c@subparagraph=\count85
\c@figure=\count86
\c@table=\count87
\abovecaptionskip=\skip41
\belowcaptionskip=\skip42
\bibindent=\dimen102
)
("C:\Archivos de programa\MiKTeX 2.5\tex\latex\amsfonts\amssymb.sty"
Package: amssymb 2002/01/22 v2.2d

("C:\Archivos de programa\MiKTeX 2.5\tex\latex\amsfonts\amsfonts.sty"
Package: amsfonts 2001/10/25 v2.2f
\@emptytoks=\toks14
\symAMSa=\mathgroup4
\symAMSb=\mathgroup5
LaTeX Font Info:    Overwriting math alphabet `\mathfrak' in version `bold'
(Font)                  U/euf/m/n --> U/euf/b/n on input line 132.
))
("C:\Archivos de programa\MiKTeX 2.5\tex\latex\amscls\amsthm.sty"
Package: amsthm 2004/08/06 v2.20
\thm@style=\toks15
\thm@bodyfont=\toks16
\thm@headfont=\toks17
\thm@notefont=\toks18
\thm@headpunct=\toks19
\thm@preskip=\skip43
\thm@postskip=\skip44
\thm@headsep=\skip45
\dth@everypar=\toks20
)
("C:\Archivos de programa\MiKTeX 2.5\tex\latex\amsmath\amsmath.sty"
Package: amsmath 2000/07/18 v2.13 AMS math features
\@mathmargin=\skip46

For additional information on amsmath, use the `?' option.
("C:\Archivos de programa\MiKTeX 2.5\tex\latex\amsmath\amstext.sty"
Package: amstext 2000/06/29 v2.01

("C:\Archivos de programa\MiKTeX 2.5\tex\latex\amsmath\amsgen.sty"
File: amsgen.sty 1999/11/30 v2.0
\@emptytoks=\toks21
\ex@=\dimen103
))
("C:\Archivos de programa\MiKTeX 2.5\tex\latex\amsmath\amsbsy.sty"
Package: amsbsy 1999/11/29 v1.2d
\pmbraise@=\dimen104
)
("C:\Archivos de programa\MiKTeX 2.5\tex\latex\amsmath\amsopn.sty"
Package: amsopn 1999/12/14 v2.01 operator names
)
\inf@bad=\count88
LaTeX Info: Redefining \frac on input line 211.
\uproot@=\count89
\leftroot@=\count90
LaTeX Info: Redefining \overline on input line 307.
\classnum@=\count91
\DOTSCASE@=\count92
LaTeX Info: Redefining \ldots on input line 379.
LaTeX Info: Redefining \dots on input line 382.
LaTeX Info: Redefining \cdots on input line 467.
\Mathstrutbox@=\box26
\strutbox@=\box27
\big@size=\dimen105
LaTeX Font Info:    Redeclaring font encoding OML on input line 567.
LaTeX Font Info:    Redeclaring font encoding OMS on input line 568.
\macc@depth=\count93
\c@MaxMatrixCols=\count94
\dotsspace@=\muskip10
\c@parentequation=\count95
\dspbrk@lvl=\count96
\tag@help=\toks22
\row@=\count97
\column@=\count98
\maxfields@=\count99
\andhelp@=\toks23
\eqnshift@=\dimen106
\alignsep@=\dimen107
\tagshift@=\dimen108
\tagwidth@=\dimen109
\totwidth@=\dimen110
\lineht@=\dimen111
\@envbody=\toks24
\multlinegap=\skip47
\multlinetaggap=\skip48
\mathdisplay@stack=\toks25
LaTeX Info: Redefining \[ on input line 2666.
LaTeX Info: Redefining \] on input line 2667.
)
("C:\Archivos de programa\MiKTeX 2.5\tex\generic\babel\babel.sty"
Package: babel 2005/05/21 v3.8g The Babel package

*************************************
* Local config file bblopts.cfg used
*
("C:\Archivos de programa\MiKTeX 2.5\tex\latex\00miktex\bblopts.cfg"
File: bblopts.cfg 2006/07/31 v1.0 MiKTeX 'babel' configuration
)
("C:\Archivos de programa\MiKTeX 2.5\tex\generic\babel\english.ldf"
Language: english 2005/03/30 v3.3o English support from the babel system

("C:\Archivos de programa\MiKTeX 2.5\tex\generic\babel\babel.def"
File: babel.def 2005/05/21 v3.8g Babel common definitions
\babel@savecnt=\count100
\U@D=\dimen112
)
\l@british = a dialect from \language\l@english 
\l@UKenglish = a dialect from \language\l@english 
\l@canadian = a dialect from \language\l@american 
\l@australian = a dialect from \language\l@british 
\l@newzealand = a dialect from \language\l@british 
)
("C:\Archivos de programa\MiKTeX 2.5\tex\generic\babel\spanish.ldf"
Language: spanish.ldf 2005/03/31 v4.2b Spanish support from the babel system


Package babel Warning: No hyphenation patterns were loaded for
(babel)                the language `Spanish'
(babel)                I will use the patterns loaded for \language=0 instead.

\l@spanish = a dialect from \language0
\es@quottoks=\toks26
\es@quotdepth=\count101
Package babel Info: Making . an active character on input line 509.
Package babel Info: Making " an active character on input line 540.
Package babel Info: Making < an active character on input line 641.
Package babel Info: Making > an active character on input line 642.
Package babel Info: Making ' an active character on input line 693.
)) ("C:\Archivos de programa\MiKTeX 2.5\tex\latex\graphics\graphics.sty"
Package: graphics 2006/02/20 v1.0o Standard LaTeX Graphics (DPC,SPQR)

("C:\Archivos de programa\MiKTeX 2.5\tex\latex\graphics\trig.sty"
Package: trig 1999/03/16 v1.09 sin cos tan (DPC)
)
("C:\Archivos de programa\MiKTeX 2.5\tex\latex\00miktex\graphics.cfg"
File: graphics.cfg 2005/12/29 v1.2 MiKTeX 'graphics' configuration
)
Package graphics Info: Driver file: pdftex.def on input line 90.

("C:\Archivos de programa\MiKTeX 2.5\tex\latex\graphics\pdftex.def"
File: pdftex.def 2007/01/08 v0.04d Graphics/color for pdfTeX
\Gread@gobject=\count102
))
("C:\Archivos de programa\MiKTeX 2.5\tex\latex\graphics\graphicx.sty"
Package: graphicx 1999/02/16 v1.0f Enhanced LaTeX Graphics (DPC,SPQR)

("C:\Archivos de programa\MiKTeX 2.5\tex\latex\graphics\keyval.sty"
Package: keyval 1999/03/16 v1.13 key=value parser (DPC)
\KV@toks@=\toks27
)
\Gin@req@height=\dimen113
\Gin@req@width=\dimen114
)
("C:\Archivos de programa\MiKTeX 2.5\tex\latex\geometry\geometry.sty"
Package: geometry 2002/07/08 v3.2 Page Geometry
\Gm@cnth=\count103
\Gm@cntv=\count104
\c@Gm@tempcnt=\count105
\Gm@bindingoffset=\dimen115
\Gm@wd@mp=\dimen116
\Gm@odd@mp=\dimen117
\Gm@even@mp=\dimen118
\Gm@dimlist=\toks28

("C:\Archivos de programa\MiKTeX 2.5\tex\latex\geometry\geometry.cfg"))
\c@theorem=\count106
\c@corollary=\count107
\c@proposition=\count108
\c@remark=\count109
\c@example=\count110
\c@definition=\count111
\c@claim=\count112

(borrador.aux)
LaTeX Font Info:    Checking defaults for OML/cmm/m/it on input line 34.
LaTeX Font Info:    ... okay on input line 34.
LaTeX Font Info:    Checking defaults for T1/cmr/m/n on input line 34.
LaTeX Font Info:    ... okay on input line 34.
LaTeX Font Info:    Checking defaults for OT1/cmr/m/n on input line 34.
LaTeX Font Info:    ... okay on input line 34.
LaTeX Font Info:    Checking defaults for OMS/cmsy/m/n on input line 34.
LaTeX Font Info:    ... okay on input line 34.
LaTeX Font Info:    Checking defaults for OMX/cmex/m/n on input line 34.
LaTeX Font Info:    ... okay on input line 34.
LaTeX Font Info:    Checking defaults for U/cmr/m/n on input line 34.
LaTeX Font Info:    ... okay on input line 34.

("C:\Archivos de programa\MiKTeX 2.5\tex\context\base\supp-pdf.tex"
[Loading MPS to PDF converter (version 2006.09.02).]
\scratchcounter=\count113
\scratchdimen=\dimen119
\scratchbox=\box28
\nofMPsegments=\count114
\nofMParguments=\count115
\MPscratchCnt=\count116
\MPscratchDim=\dimen120
\MPnumerator=\count117
\everyMPtoPDFconversion=\toks29
)
-------------------- Geometry parameters
paper: class default
landscape: --
twocolumn: --
twoside: --
asymmetric: --
h-parts: 65.04256pt, 469.75499pt, 79.49745pt
v-parts: 86.72377pt, 632.36249pt, 75.88373pt
hmarginratio: --
vmarginratio: --
lines: --
heightrounded: --
bindingoffset: 0.0pt
truedimen: --
includehead: --
includefoot: true
includemp: --
driver: pdftex
-------------------- Page layout dimensions and switches
\paperwidth  614.295pt
\paperheight 794.96999pt
\textwidth  469.75499pt
\textheight 602.36249pt
\oddsidemargin  -7.22743pt
\evensidemargin -7.22743pt
\topmargin  -22.54622pt
\headheight 12.0pt
\headsep    25.0pt
\footskip   30.0pt
\marginparwidth 44.0pt
\marginparsep   10.0pt
\columnsep  10.0pt
\skip\footins  10.8pt plus 4.0pt minus 2.0pt
\hoffset 0.0pt
\voffset 0.0pt
\mag 1000

(1in=72.27pt, 1cm=28.45pt)
-----------------------
LaTeX Font Info:    Try loading font information for U+msa on input line 43.
 ("C:\Archivos de programa\MiKTeX 2.5\tex\latex\amsfonts\umsa.fd"
File: umsa.fd 2002/01/19 v2.2g AMS font definitions
)
LaTeX Font Info:    Try loading font information for U+msb on input line 43.

("C:\Archivos de programa\MiKTeX 2.5\tex\latex\amsfonts\umsb.fd"
File: umsb.fd 2002/01/19 v2.2g AMS font definitions
) [1

{psfonts.map}] [1

] [2

] [3] (borrador.toc)
\tf@toc=\write3
 [4

] [5

]
Cap\'{\i }tulo 1.
Missing character: There is no ó in font cmr12!
<conjunto.jpg, id=32, 210.03468pt x 164.11313pt>
File: conjunto.jpg Graphic file (type jpg)
 <use conjunto.jpg>
<pluma.jpg, id=33, 213.79875pt x 194.22563pt>
File: pluma.jpg Graphic file (type jpg)
 <use pluma.jpg>

LaTeX Warning: `h' float specifier changed to `ht'.

[6

 <conjunto.jpg>] <tonyza.jpg, id=44, 371.13657pt x 166.37157pt>
File: tonyza.jpg Graphic file (type jpg)

<use tonyza.jpg> [7 <pluma.jpg> <tonyza.jpg>]
Missing character: There is no ó in font cmr12!

Underfull \hbox (badness 10000) in paragraph at lines 133--134

 []

[8] <pico1.jpg, id=57, 171.64125pt x 208.52907pt>
File: pico1.jpg Graphic file (type jpg)
 <use pico1.jpg> [9 <pico1.jpg>] [10] <casos1.jpg, id=64, 396.7322pt x 205.5178
pt>
File: casos1.jpg Graphic file (type jpg)
 <use casos1.jpg> [11 <casos1.jpg>] <comp2.jpg, id=68, 481.8pt x 138.5175pt>
File: comp2.jpg Graphic file (type jpg)
 <use comp2.jpg>
Overfull \hbox (12.04382pt too wide) in paragraph at lines 232--233
 [] 
 []

<parcial.jpg, id=69, 316.18124pt x 121.20282pt>
File: parcial.jpg Graphic file (type jpg)
 <use parcial.jpg> [12 <comp2.jpg>] [13 <parcial.jpg>]
Cap\'{\i }tulo 2.
<jerar.jpg, id=77, 445.665pt x 197.98969pt>
File: jerar.jpg Graphic file (type jpg)
 <use jerar.jpg> [14

] [15 <jerar.jpg>] <med.png, id=93, 576.1525pt x 192.72pt>
File: med.png Graphic file (type png)
 <use med.png> [16 <med.png (PNG copy)>] [17] [18] <inter4.png, id=107, 432.114
38pt x 202.50656pt>
File: inter4.png Graphic file (type png)
 <use inter4.png>
[19 <inter4.png (PNG copy)>] <corte1.jpg, id=111, 359.84438pt x 191.21437pt>
File: corte1.jpg Graphic file (type jpg)

<use corte1.jpg> <nodo1.jpg, id=112, 391.4625pt x 125.71968pt>
File: nodo1.jpg Graphic file (type jpg)
 <use nodo1.jpg>
[20 <corte1.jpg>] [21 <nodo1.jpg>] [22]
<fuera1.png, id=122, 246.1697pt x 226.59656pt>
File: fuera1.png Graphic file (type png)
 <use fuera1.png> [23 <fuera1.png (PNG copy)>] [24]
Cap\'{\i }tulo 3.
<arbol.jpg, id=130, 505.89pt x 210.7875pt>
File: arbol.jpg Graphic file (type jpg)
 <use arbol.jpg>
Overfull \hbox (36.13376pt too wide) in paragraph at lines 733--734
 [] 
 []

[25

] <cara.jpg, id=134, 281.55188pt x 201.00093pt>
File: cara.jpg Graphic file (type jpg)
 <use cara.jpg> [26 <arbol.jpg>]
LaTeX Font Info:    Try loading font information for OMS+cmr on input line 788.

 ("C:\Archivos de programa\MiKTeX 2.5\tex\latex\base\omscmr.fd"
File: omscmr.fd 1999/05/25 v2.5h Standard LaTeX font definitions
)
LaTeX Font Info:    Font shape `OMS/cmr/m/n' in size <12> not available
(Font)              Font shape `OMS/cmsy/m/n' tried instead on input line 788.
 [27 <cara.jpg>] [28] [29] [30] [31

] (borrador.aux) ) 
Here is how much of TeX's memory you used:
 3014 strings out of 95419
 34966 string characters out of 1187090
 94570 words of memory out of 1094174
 6025 multiletter control sequences out of 60000
 13703 words of font info for 53 fonts, out of 1000000 for 2000
 14 hyphenation exceptions out of 8191
 27i,8n,31p,835b,303s stack positions out of 5000i,500n,10000p,200000b,32768s
PDF statistics:
 153 PDF objects out of 300000
 0 named destinations out of 300000
 76 words of extra memory for PDF output out of 10000
<C:/Archivos de programa/MiKTeX 2.5/fonts/type1/bluesky/cm/cm
mi8.pfb><C:/Archivos de programa/MiKTeX 2.5/fonts/type1/bluesky/cm/cmmi10.pfb><
C:/Archivos de programa/MiKTeX 2.5/fonts/type1/bluesky/cm/cmr10.pfb><C:/Archivo
s de programa/MiKTeX 2.5/fonts/type1/bluesky/cm/cmr7.pfb><C:/Archivos de progra
ma/MiKTeX 2.5/fonts/type1/bluesky/cm/cmr8.pfb><C:/Archivos de programa/MiKTeX 2
.5/fonts/type1/bluesky/cm/cmti12.pfb><C:/Archivos de programa/MiKTeX 2.5/fonts/
type1/bluesky/cm/cmsy10.pfb><C:/Archivos de programa/MiKTeX 2.5/fonts/type1/blu
esky/cm/cmsy8.pfb><C:/Archivos de programa/MiKTeX 2.5/fonts/type1/bluesky/cm/cm
mi12.pfb><C:/Archivos de programa/MiKTeX 2.5/fonts/type1/bluesky/cm/cmbx12.pfb>
<C:/Archivos de programa/MiKTeX 2.5/fonts/type1/bluesky/cm/cmr12.pfb><C:/Archiv
os de programa/MiKTeX 2.5/fonts/type1/bluesky/cm/cmr17.pfb>
Output written on borrador.pdf (32 pages, 332544 bytes).
