This is pdfeTeX, Version 3.141592-1.30.6-2.2 (MiKTeX 2.5) (preloaded format=pdflatex 2007.6.11)  11 JUN 2007 17:46
entering extended mode
**C:/Documents*and*Settings/Administrador/Escritorio/Nueva*carpeta*(3)/Full/Tes
is.tex

("C:\Documents and Settings\Administrador\Escritorio\Nueva carpeta (3)\Full\Tes
is.tex"
LaTeX2e <2005/12/01>
Babel <v3.8g> and hyphenation patterns for english, dumylang, nohyphenation, ge
rman, ngerman, french, loaded.
("C:\Archivos de programa\MiKTeX 2.5\tex\latex\base\report.cls"
Document Class: report 2005/09/16 v1.4f Standard LaTeX document class
("C:\Archivos de programa\MiKTeX 2.5\tex\latex\base\size12.clo"
File: size12.clo 2005/09/16 v1.4f Standard LaTeX file (size option)
)
\c@part=\count79
\c@chapter=\count80
\c@section=\count81
\c@subsection=\count82
\c@subsubsection=\count83
\c@paragraph=\count84
\c@subparagraph=\count85
\c@figure=\count86
\c@table=\count87
\abovecaptionskip=\skip41
\belowcaptionskip=\skip42
\bibindent=\dimen102
)
("C:\Archivos de programa\MiKTeX 2.5\tex\latex\amsfonts\amssymb.sty"
Package: amssymb 2002/01/22 v2.2d

("C:\Archivos de programa\MiKTeX 2.5\tex\latex\amsfonts\amsfonts.sty"
Package: amsfonts 2001/10/25 v2.2f
\@emptytoks=\toks14
\symAMSa=\mathgroup4
\symAMSb=\mathgroup5
LaTeX Font Info:    Overwriting math alphabet `\mathfrak' in version `bold'
(Font)                  U/euf/m/n --> U/euf/b/n on input line 132.
))
("C:\Archivos de programa\MiKTeX 2.5\tex\latex\amscls\amsthm.sty"
Package: amsthm 2004/08/06 v2.20
\thm@style=\toks15
\thm@bodyfont=\toks16
\thm@headfont=\toks17
\thm@notefont=\toks18
\thm@headpunct=\toks19
\thm@preskip=\skip43
\thm@postskip=\skip44
\thm@headsep=\skip45
\dth@everypar=\toks20
)
("C:\Archivos de programa\MiKTeX 2.5\tex\latex\amsmath\amsmath.sty"
Package: amsmath 2000/07/18 v2.13 AMS math features
\@mathmargin=\skip46

For additional information on amsmath, use the `?' option.
("C:\Archivos de programa\MiKTeX 2.5\tex\latex\amsmath\amstext.sty"
Package: amstext 2000/06/29 v2.01

("C:\Archivos de programa\MiKTeX 2.5\tex\latex\amsmath\amsgen.sty"
File: amsgen.sty 1999/11/30 v2.0
\@emptytoks=\toks21
\ex@=\dimen103
))
("C:\Archivos de programa\MiKTeX 2.5\tex\latex\amsmath\amsbsy.sty"
Package: amsbsy 1999/11/29 v1.2d
\pmbraise@=\dimen104
)
("C:\Archivos de programa\MiKTeX 2.5\tex\latex\amsmath\amsopn.sty"
Package: amsopn 1999/12/14 v2.01 operator names
)
\inf@bad=\count88
LaTeX Info: Redefining \frac on input line 211.
\uproot@=\count89
\leftroot@=\count90
LaTeX Info: Redefining \overline on input line 307.
\classnum@=\count91
\DOTSCASE@=\count92
LaTeX Info: Redefining \ldots on input line 379.
LaTeX Info: Redefining \dots on input line 382.
LaTeX Info: Redefining \cdots on input line 467.
\Mathstrutbox@=\box26
\strutbox@=\box27
\big@size=\dimen105
LaTeX Font Info:    Redeclaring font encoding OML on input line 567.
LaTeX Font Info:    Redeclaring font encoding OMS on input line 568.
\macc@depth=\count93
\c@MaxMatrixCols=\count94
\dotsspace@=\muskip10
\c@parentequation=\count95
\dspbrk@lvl=\count96
\tag@help=\toks22
\row@=\count97
\column@=\count98
\maxfields@=\count99
\andhelp@=\toks23
\eqnshift@=\dimen106
\alignsep@=\dimen107
\tagshift@=\dimen108
\tagwidth@=\dimen109
\totwidth@=\dimen110
\lineht@=\dimen111
\@envbody=\toks24
\multlinegap=\skip47
\multlinetaggap=\skip48
\mathdisplay@stack=\toks25
LaTeX Info: Redefining \[ on input line 2666.
LaTeX Info: Redefining \] on input line 2667.
)
("C:\Archivos de programa\MiKTeX 2.5\tex\generic\babel\babel.sty"
Package: babel 2005/05/21 v3.8g The Babel package

*************************************
* Local config file bblopts.cfg used
*
("C:\Archivos de programa\MiKTeX 2.5\tex\latex\00miktex\bblopts.cfg"
File: bblopts.cfg 2006/07/31 v1.0 MiKTeX 'babel' configuration
)
("C:\Archivos de programa\MiKTeX 2.5\tex\generic\babel\english.ldf"
Language: english 2005/03/30 v3.3o English support from the babel system

("C:\Archivos de programa\MiKTeX 2.5\tex\generic\babel\babel.def"
File: babel.def 2005/05/21 v3.8g Babel common definitions
\babel@savecnt=\count100
\U@D=\dimen112
)
\l@british = a dialect from \language\l@english 
\l@UKenglish = a dialect from \language\l@english 
\l@canadian = a dialect from \language\l@american 
\l@australian = a dialect from \language\l@british 
\l@newzealand = a dialect from \language\l@british 
)
("C:\Archivos de programa\MiKTeX 2.5\tex\generic\babel\spanish.ldf"
Language: spanish.ldf 2005/03/31 v4.2b Spanish support from the babel system


Package babel Warning: No hyphenation patterns were loaded for
(babel)                the language `Spanish'
(babel)                I will use the patterns loaded for \language=0 instead.

\l@spanish = a dialect from \language0
\es@quottoks=\toks26
\es@quotdepth=\count101
Package babel Info: Making . an active character on input line 509.
Package babel Info: Making " an active character on input line 540.
Package babel Info: Making < an active character on input line 641.
Package babel Info: Making > an active character on input line 642.
Package babel Info: Making ' an active character on input line 693.
)) ("C:\Archivos de programa\MiKTeX 2.5\tex\latex\graphics\graphics.sty"
Package: graphics 2006/02/20 v1.0o Standard LaTeX Graphics (DPC,SPQR)

("C:\Archivos de programa\MiKTeX 2.5\tex\latex\graphics\trig.sty"
Package: trig 1999/03/16 v1.09 sin cos tan (DPC)
)
("C:\Archivos de programa\MiKTeX 2.5\tex\latex\00miktex\graphics.cfg"
File: graphics.cfg 2005/12/29 v1.2 MiKTeX 'graphics' configuration
)
Package graphics Info: Driver file: pdftex.def on input line 90.

("C:\Archivos de programa\MiKTeX 2.5\tex\latex\graphics\pdftex.def"
File: pdftex.def 2007/01/08 v0.04d Graphics/color for pdfTeX
\Gread@gobject=\count102
))
("C:\Archivos de programa\MiKTeX 2.5\tex\latex\graphics\graphicx.sty"
Package: graphicx 1999/02/16 v1.0f Enhanced LaTeX Graphics (DPC,SPQR)

("C:\Archivos de programa\MiKTeX 2.5\tex\latex\graphics\keyval.sty"
Package: keyval 1999/03/16 v1.13 key=value parser (DPC)
\KV@toks@=\toks27
)
\Gin@req@height=\dimen113
\Gin@req@width=\dimen114
)
("C:\Archivos de programa\MiKTeX 2.5\tex\latex\geometry\geometry.sty"
Package: geometry 2002/07/08 v3.2 Page Geometry
\Gm@cnth=\count103
\Gm@cntv=\count104
\c@Gm@tempcnt=\count105
\Gm@bindingoffset=\dimen115
\Gm@wd@mp=\dimen116
\Gm@odd@mp=\dimen117
\Gm@even@mp=\dimen118
\Gm@dimlist=\toks28

("C:\Archivos de programa\MiKTeX 2.5\tex\latex\geometry\geometry.cfg"))
\c@theorem=\count106
\c@corollary=\count107
\c@proposition=\count108
\c@remark=\count109
\c@example=\count110
\c@definition=\count111
\c@claim=\count112

(Tesis.aux)
LaTeX Font Info:    Checking defaults for OML/cmm/m/it on input line 34.
LaTeX Font Info:    ... okay on input line 34.
LaTeX Font Info:    Checking defaults for T1/cmr/m/n on input line 34.
LaTeX Font Info:    ... okay on input line 34.
LaTeX Font Info:    Checking defaults for OT1/cmr/m/n on input line 34.
LaTeX Font Info:    ... okay on input line 34.
LaTeX Font Info:    Checking defaults for OMS/cmsy/m/n on input line 34.
LaTeX Font Info:    ... okay on input line 34.
LaTeX Font Info:    Checking defaults for OMX/cmex/m/n on input line 34.
LaTeX Font Info:    ... okay on input line 34.
LaTeX Font Info:    Checking defaults for U/cmr/m/n on input line 34.
LaTeX Font Info:    ... okay on input line 34.
 ("C:\Archivos de programa\MiKTeX 2.5\tex\context\base\supp-pdf.tex"
[Loading MPS to PDF converter (version 2006.09.02).]
\scratchcounter=\count113
\scratchdimen=\dimen119
\scratchbox=\box28
\nofMPsegments=\count114
\nofMParguments=\count115
\MPscratchCnt=\count116
\MPscratchDim=\dimen120
\MPnumerator=\count117
\everyMPtoPDFconversion=\toks29
)
-------------------- Geometry parameters
paper: class default
landscape: --
twocolumn: --
twoside: --
asymmetric: --
h-parts: 65.04256pt, 469.75499pt, 79.49745pt
v-parts: 86.72377pt, 632.36249pt, 75.88373pt
hmarginratio: --
vmarginratio: --
lines: --
heightrounded: --
bindingoffset: 0.0pt
truedimen: --
includehead: --
includefoot: true
includemp: --
driver: pdftex
-------------------- Page layout dimensions and switches
\paperwidth  614.295pt
\paperheight 794.96999pt
\textwidth  469.75499pt
\textheight 602.36249pt
\oddsidemargin  -7.22743pt
\evensidemargin -7.22743pt
\topmargin  -22.54622pt
\headheight 12.0pt
\headsep    25.0pt
\footskip   30.0pt
\marginparwidth 44.0pt
\marginparsep   10.0pt
\columnsep  10.0pt
\skip\footins  10.8pt plus 4.0pt minus 2.0pt
\hoffset 0.0pt
\voffset 0.0pt
\mag 1000

(1in=72.27pt, 1cm=28.45pt)
-----------------------


Package pdftex.def Warning: Option `bb' does not make sense,
(pdftex.def)                using `viewport' instead on input line 45.

<escudo.jpg, id=1, 449.62611pt x 560.69879pt>
File: escudo.jpg Graphic file (type jpg)
 <use escudo.jpg> [1

{psfonts.map} <escudo.jpg>]
LaTeX Font Info:    Try loading font information for U+msa on input line 78.
 ("C:\Archivos de programa\MiKTeX 2.5\tex\latex\amsfonts\umsa.fd"
File: umsa.fd 2002/01/19 v2.2g AMS font definitions
)
LaTeX Font Info:    Try loading font information for U+msb on input line 78.
("C:\Archivos de programa\MiKTeX 2.5\tex\latex\amsfonts\umsb.fd"
File: umsb.fd 2002/01/19 v2.2g AMS font definitions
) [1] [1

]
[2

] [3

] (Tesis.toc)
\tf@toc=\write3
 [4

] [5

]
Cap\'{\i }tulo 1.
<conjunto.jpg, id=37, 280.04625pt x 218.8175pt>
File: conjunto.jpg Graphic file (type jpg)
 <use conjunto.jpg> [6

 <conjunto.jpg>] <pluma.jpg, id=47, 285.065pt x 258.9675pt>
File: pluma.jpg Graphic file (type jpg)
 <use pluma.jpg>
<tonyza.jpg, id=48, 553.06625pt x 305.14pt>
File: tonyza.jpg Graphic file (type jpg)
 <use tonyza.jpg>
Overfull \hbox (83.3099pt too wide) in paragraph at lines 147--148
 [] 
 []

Missing character: There is no ó in font cmr12!
[7 <pluma.jpg>] [8 <tonyza.jpg>]
Underfull \hbox (badness 10000) in paragraph at lines 163--164

 []

[9] <pico1.jpg, id=64, 228.855pt x 278.03876pt>
File: pico1.jpg Graphic file (type jpg)
 <use pico1.jpg> [10 <pico1.jpg>] [11] <casos1.jpg, id=72, 528.97626pt x 274.02
374pt>
File: casos1.jpg Graphic file (type jpg)
 <use casos1.jpg>
Overfull \hbox (59.21997pt too wide) in paragraph at lines 239--240
 [] 
 []

[12 <casos1.jpg>] <comp2.jpg, id=76, 481.8pt x 138.5175pt>
File: comp2.jpg Graphic file (type jpg)
 <use comp2.jpg>
Overfull \hbox (12.04382pt too wide) in paragraph at lines 262--263
 [] 
 []

<parcial.jpg, id=77, 421.575pt x 161.60374pt>
File: parcial.jpg Graphic file (type jpg)
 <use parcial.jpg> [13 <comp2.jpg>] [14 <parcial.jpg>]
Cap\'{\i }tulo 2.
<jerar.jpg, id=84, 445.665pt x 197.98969pt>
File: jerar.jpg Graphic file (type jpg)
 <use jerar.jpg> [15

] [16 <jerar.jpg>] <med.png, id=100, 576.1525pt x 192.72pt>
File: med.png Graphic file (type png)
 <use med.png> [17 <med.png (PNG copy)>] [18] [19] <inter4.png, id=114, 432.114
38pt x 202.50656pt>
File: inter4.png Graphic file (type png)

<use inter4.png> [20 <inter4.png (PNG copy)>]
<corte1.jpg, id=118, 479.7925pt x 254.9525pt>
File: corte1.jpg Graphic file (type jpg)
 <use corte1.jpg>
Overfull \hbox (10.03632pt too wide) in paragraph at lines 540--541
 [] 
 []

<nodo1.jpg, id=119, 391.4625pt x 125.71968pt>
File: nodo1.jpg Graphic file (type jpg)
 <use nodo1.jpg> [21 <corte1.jpg>] [22 <nodo1.jpg>] [23] <fuera1.png, id=130, 2
46.1697pt x 226.59656pt>
File: fuera1.png Graphic file (type png)

<use fuera1.png> [24] [25 <fuera1.png (PNG copy)>]
Cap\'{\i }tulo 3.
<arbol.jpg, id=137, 505.89pt x 210.7875pt>
File: arbol.jpg Graphic file (type jpg)
 <use arbol.jpg>
Overfull \hbox (36.13376pt too wide) in paragraph at lines 763--764
 [] 
 []

[26

] <cara.jpg, id=141, 375.4025pt x 268.00125pt>
File: cara.jpg Graphic file (type jpg)
 <use cara.jpg> [27 <arbol.jpg>] [28 <cara.jpg>]
LaTeX Font Info:    Try loading font information for OMS+cmr on input line 818.

 ("C:\Archivos de programa\MiKTeX 2.5\tex\latex\base\omscmr.fd"
File: omscmr.fd 1999/05/25 v2.5h Standard LaTeX font definitions
)
LaTeX Font Info:    Font shape `OMS/cmr/m/n' in size <12> not available
(Font)              Font shape `OMS/cmsy/m/n' tried instead on input line 818.
 [29] [30] [31

] [32

] [33

] (Tesis.aux) ) 
Here is how much of TeX's memory you used:
 3022 strings out of 95419
 35017 string characters out of 1187090
 94570 words of memory out of 1094174
 6031 multiletter control sequences out of 60000
 14317 words of font info for 55 fonts, out of 1000000 for 2000
 14 hyphenation exceptions out of 8191
 27i,8n,31p,832b,297s stack positions out of 5000i,500n,10000p,200000b,32768s
PDF statistics:
 163 PDF objects out of 300000
 0 named destinations out of 300000
 81 words of extra memory for PDF output out of 10000
<C:/Archivos de programa/MiKTeX 2.5/fonts/type1/bluesky/cm/cmmi8
.pfb><C:/Archivos de programa/MiKTeX 2.5/fonts/type1/bluesky/cm/cmmi10.pfb><C:/
Archivos de programa/MiKTeX 2.5/fonts/type1/bluesky/cm/cmr10.pfb><C:/Archivos d
e programa/MiKTeX 2.5/fonts/type1/bluesky/cm/cmr7.pfb><C:/Archivos de programa/
MiKTeX 2.5/fonts/type1/bluesky/cm/cmr8.pfb><C:/Archivos de programa/MiKTeX 2.5/
fonts/type1/bluesky/cm/cmti12.pfb><C:/Archivos de programa/MiKTeX 2.5/fonts/typ
e1/bluesky/cm/cmsy10.pfb><C:/Archivos de programa/MiKTeX 2.5/fonts/type1/bluesk
y/cm/cmsy8.pfb><C:/Archivos de programa/MiKTeX 2.5/fonts/type1/bluesky/cm/cmmi1
2.pfb><C:/Archivos de programa/MiKTeX 2.5/fonts/type1/bluesky/cm/cmr17.pfb><C:/
Archivos de programa/MiKTeX 2.5/fonts/type1/bluesky/cm/cmbx12.pfb><C:/Archivos 
de programa/MiKTeX 2.5/fonts/type1/bluesky/cm/cmr12.pfb>
Output written on Tesis.pdf (35 pages, 804186 bytes).
